<?xml version="1.0" encoding="UTF-8"?>
<testsuite xmlns:xsi="http://www.w3.org/2001/XMLSchema-instance" xsi:noNamespaceSchemaLocation="https://maven.apache.org/surefire/maven-surefire-plugin/xsd/surefire-test-report-3.0.xsd" version="3.0" name="br.com.alura.repository.OrdemRepositoryTest" time="3.811" tests="1" errors="0" skipped="0" failures="0">
  <properties>
    <property name="sun.desktop" value="gnome"/>
    <property name="awt.toolkit" value="sun.awt.X11.XToolkit"/>
    <property name="java.specification.version" value="11"/>
    <property name="sun.cpu.isalist" value=""/>
    <property name="sun.jnu.encoding" value="UTF-8"/>
    <property name="test.url" value="http://0.0.0.0:8081"/>
    <property name="java.class.path" value="/home/gustavo/dev-tools/projects/quarkus/target/test-classes:/home/gustavo/dev-tools/projects/quarkus/target/classes:/home/gustavo/.m2/repository/io/quarkus/quarkus-resteasy/1.7.3.Final/quarkus-resteasy-1.7.3.Final.jar:/home/gustavo/.m2/repository/io/quarkus/quarkus-vertx-http/1.7.3.Final/quarkus-vertx-http-1.7.3.Final.jar:/home/gustavo/.m2/repository/io/quarkus/quarkus-security-runtime-spi/1.7.3.Final/quarkus-security-runtime-spi-1.7.3.Final.jar:/home/gustavo/.m2/repository/io/quarkus/quarkus-development-mode-spi/1.7.3.Final/quarkus-development-mode-spi-1.7.3.Final.jar:/home/gustavo/.m2/repository/io/quarkus/security/quarkus-security/1.1.2.Final/quarkus-security-1.1.2.Final.jar:/home/gustavo/.m2/repository/io/smallrye/reactive/mutiny/0.7.0/mutiny-0.7.0.jar:/home/gustavo/.m2/repository/jakarta/enterprise/jakarta.enterprise.cdi-api/2.0.2/jakarta.enterprise.cdi-api-2.0.2.jar:/home/gustavo/.m2/repository/jakarta/el/jakarta.el-api/3.0.3/jakarta.el-api-3.0.3.jar:/home/gustavo/.m2/repository/io/quarkus/quarkus-vertx-core/1.7.3.Final/quarkus-vertx-core-1.7.3.Final.jar:/home/gustavo/.m2/repository/io/quarkus/quarkus-netty/1.7.3.Final/quarkus-netty-1.7.3.Final.jar:/home/gustavo/.m2/repository/io/netty/netty-codec/4.1.49.Final/netty-codec-4.1.49.Final.jar:/home/gustavo/.m2/repository/io/netty/netty-handler/4.1.49.Final/netty-handler-4.1.49.Final.jar:/home/gustavo/.m2/repository/io/vertx/vertx-core/3.9.2/vertx-core-3.9.2.jar:/home/gustavo/.m2/repository/io/netty/netty-common/4.1.49.Final/netty-common-4.1.49.Final.jar:/home/gustavo/.m2/repository/io/netty/netty-buffer/4.1.49.Final/netty-buffer-4.1.49.Final.jar:/home/gustavo/.m2/repository/io/netty/netty-transport/4.1.49.Final/netty-transport-4.1.49.Final.jar:/home/gustavo/.m2/repository/io/netty/netty-handler-proxy/4.1.49.Final/netty-handler-proxy-4.1.49.Final.jar:/home/gustavo/.m2/repository/io/netty/netty-codec-socks/4.1.49.Final/netty-codec-socks-4.1.49.Final.jar:/home/gustavo/.m2/repository/io/netty/netty-codec-http/4.1.49.Final/netty-codec-http-4.1.49.Final.jar:/home/gustavo/.m2/repository/io/netty/netty-codec-http2/4.1.49.Final/netty-codec-http2-4.1.49.Final.jar:/home/gustavo/.m2/repository/io/netty/netty-resolver/4.1.49.Final/netty-resolver-4.1.49.Final.jar:/home/gustavo/.m2/repository/io/netty/netty-resolver-dns/4.1.49.Final/netty-resolver-dns-4.1.49.Final.jar:/home/gustavo/.m2/repository/io/netty/netty-codec-dns/4.1.49.Final/netty-codec-dns-4.1.49.Final.jar:/home/gustavo/.m2/repository/com/fasterxml/jackson/core/jackson-core/2.11.2/jackson-core-2.11.2.jar:/home/gustavo/.m2/repository/io/vertx/vertx-web/3.9.2/vertx-web-3.9.2.jar:/home/gustavo/.m2/repository/io/vertx/vertx-web-common/3.9.2/vertx-web-common-3.9.2.jar:/home/gustavo/.m2/repository/io/vertx/vertx-auth-common/3.9.2/vertx-auth-common-3.9.2.jar:/home/gustavo/.m2/repository/io/vertx/vertx-bridge-common/3.9.2/vertx-bridge-common-3.9.2.jar:/home/gustavo/.m2/repository/io/quarkus/quarkus-resteasy-server-common/1.7.3.Final/quarkus-resteasy-server-common-1.7.3.Final.jar:/home/gustavo/.m2/repository/jakarta/validation/jakarta.validation-api/2.0.2/jakarta.validation-api-2.0.2.jar:/home/gustavo/.m2/repository/io/quarkus/quarkus-junit5/1.7.3.Final/quarkus-junit5-1.7.3.Final.jar:/home/gustavo/.m2/repository/io/quarkus/quarkus-bootstrap-core/1.7.3.Final/quarkus-bootstrap-core-1.7.3.Final.jar:/home/gustavo/.m2/repository/io/quarkus/quarkus-bootstrap-app-model/1.7.3.Final/quarkus-bootstrap-app-model-1.7.3.Final.jar:/home/gustavo/.m2/repository/io/quarkus/quarkus-bootstrap-maven-resolver/1.7.3.Final/quarkus-bootstrap-maven-resolver-1.7.3.Final.jar:/home/gustavo/.m2/repository/org/apache/maven/maven-embedder/3.6.3/maven-embedder-3.6.3.jar:/home/gustavo/.m2/repository/org/apache/maven/maven-settings/3.6.3/maven-settings-3.6.3.jar:/home/gustavo/.m2/repository/org/apache/maven/maven-core/3.6.3/maven-core-3.6.3.jar:/home/gustavo/.m2/repository/org/apache/maven/maven-artifact/3.6.3/maven-artifact-3.6.3.jar:/home/gustavo/.m2/repository/org/codehaus/plexus/plexus-component-annotations/2.1.0/plexus-component-annotations-2.1.0.jar:/home/gustavo/.m2/repository/org/apache/maven/maven-plugin-api/3.6.3/maven-plugin-api-3.6.3.jar:/home/gustavo/.m2/repository/org/apache/maven/maven-model/3.6.3/maven-model-3.6.3.jar:/home/gustavo/.m2/repository/org/apache/maven/maven-model-builder/3.6.3/maven-model-builder-3.6.3.jar:/home/gustavo/.m2/repository/org/apache/maven/maven-builder-support/3.6.3/maven-builder-support-3.6.3.jar:/home/gustavo/.m2/repository/org/apache/maven/resolver/maven-resolver-api/1.4.1/maven-resolver-api-1.4.1.jar:/home/gustavo/.m2/repository/org/apache/maven/resolver/maven-resolver-util/1.4.1/maven-resolver-util-1.4.1.jar:/home/gustavo/.m2/repository/org/apache/maven/shared/maven-shared-utils/3.2.1/maven-shared-utils-3.2.1.jar:/home/gustavo/.m2/repository/com/google/inject/guice/4.2.1/guice-4.2.1-no_aop.jar:/home/gustavo/.m2/repository/com/google/guava/guava/27.0.1-jre/guava-27.0.1-jre.jar:/home/gustavo/.m2/repository/com/google/guava/failureaccess/1.0.1/failureaccess-1.0.1.jar:/home/gustavo/.m2/repository/com/google/guava/listenablefuture/9999.0-empty-to-avoid-conflict-with-guava/listenablefuture-9999.0-empty-to-avoid-conflict-with-guava.jar:/home/gustavo/.m2/repository/org/codehaus/plexus/plexus-utils/3.2.1/plexus-utils-3.2.1.jar:/home/gustavo/.m2/repository/org/codehaus/plexus/plexus-classworlds/2.5.2/plexus-classworlds-2.5.2.jar:/home/gustavo/.m2/repository/commons-cli/commons-cli/1.4/commons-cli-1.4.jar:/home/gustavo/.m2/repository/org/eclipse/sisu/org.eclipse.sisu.plexus/0.3.4/org.eclipse.sisu.plexus-0.3.4.jar:/home/gustavo/.m2/repository/org/apache/maven/maven-settings-builder/3.6.3/maven-settings-builder-3.6.3.jar:/home/gustavo/.m2/repository/org/codehaus/plexus/plexus-interpolation/1.25/plexus-interpolation-1.25.jar:/home/gustavo/.m2/repository/org/sonatype/plexus/plexus-sec-dispatcher/1.4/plexus-sec-dispatcher-1.4.jar:/home/gustavo/.m2/repository/org/sonatype/plexus/plexus-cipher/1.4/plexus-cipher-1.4.jar:/home/gustavo/.m2/repository/org/apache/maven/maven-resolver-provider/3.6.3/maven-resolver-provider-3.6.3.jar:/home/gustavo/.m2/repository/org/apache/maven/maven-repository-metadata/3.6.3/maven-repository-metadata-3.6.3.jar:/home/gustavo/.m2/repository/org/apache/maven/resolver/maven-resolver-spi/1.4.1/maven-resolver-spi-1.4.1.jar:/home/gustavo/.m2/repository/org/apache/maven/resolver/maven-resolver-impl/1.4.1/maven-resolver-impl-1.4.1.jar:/home/gustavo/.m2/repository/org/apache/maven/resolver/maven-resolver-connector-basic/1.4.1/maven-resolver-connector-basic-1.4.1.jar:/home/gustavo/.m2/repository/org/apache/maven/resolver/maven-resolver-transport-wagon/1.4.1/maven-resolver-transport-wagon-1.4.1.jar:/home/gustavo/.m2/repository/org/apache/maven/wagon/wagon-http/3.3.4/wagon-http-3.3.4.jar:/home/gustavo/.m2/repository/org/apache/maven/wagon/wagon-http-shared/3.3.4/wagon-http-shared-3.3.4.jar:/home/gustavo/.m2/repository/org/jsoup/jsoup/1.12.1/jsoup-1.12.1.jar:/home/gustavo/.m2/repository/org/apache/maven/wagon/wagon-provider-api/3.3.4/wagon-provider-api-3.3.4.jar:/home/gustavo/.m2/repository/org/apache/maven/wagon/wagon-file/3.3.4/wagon-file-3.3.4.jar:/home/gustavo/.m2/repository/io/quarkus/quarkus-bootstrap-gradle-resolver/1.7.3.Final/quarkus-bootstrap-gradle-resolver-1.7.3.Final.jar:/home/gustavo/.m2/repository/io/smallrye/common/smallrye-common-io/1.1.0/smallrye-common-io-1.1.0.jar:/home/gustavo/.m2/repository/org/eclipse/sisu/org.eclipse.sisu.inject/0.3.4/org.eclipse.sisu.inject-0.3.4.jar:/home/gustavo/.m2/repository/io/quarkus/quarkus-test-common/1.7.3.Final/quarkus-test-common-1.7.3.Final.jar:/home/gustavo/.m2/repository/io/quarkus/quarkus-core-deployment/1.7.3.Final/quarkus-core-deployment-1.7.3.Final.jar:/home/gustavo/.m2/repository/io/quarkus/gizmo/gizmo/1.0.4.Final/gizmo-1.0.4.Final.jar:/home/gustavo/.m2/repository/org/ow2/asm/asm-util/8.0.1/asm-util-8.0.1.jar:/home/gustavo/.m2/repository/org/ow2/asm/asm-tree/8.0.1/asm-tree-8.0.1.jar:/home/gustavo/.m2/repository/org/ow2/asm/asm-analysis/8.0.1/asm-analysis-8.0.1.jar:/home/gustavo/.m2/repository/io/quarkus/quarkus-devtools-utilities/1.7.3.Final/quarkus-devtools-utilities-1.7.3.Final.jar:/home/gustavo/.m2/repository/io/quarkus/quarkus-builder/1.7.3.Final/quarkus-builder-1.7.3.Final.jar:/home/gustavo/.m2/repository/io/quarkus/quarkus-jsonp-deployment/1.7.3.Final/quarkus-jsonp-deployment-1.7.3.Final.jar:/home/gustavo/.m2/repository/org/jboss/jandex/2.2.1.Final/jandex-2.2.1.Final.jar:/home/gustavo/.m2/repository/org/junit/jupiter/junit-jupiter/5.6.2/junit-jupiter-5.6.2.jar:/home/gustavo/.m2/repository/org/junit/jupiter/junit-jupiter-api/5.6.2/junit-jupiter-api-5.6.2.jar:/home/gustavo/.m2/repository/org/apiguardian/apiguardian-api/1.1.0/apiguardian-api-1.1.0.jar:/home/gustavo/.m2/repository/org/opentest4j/opentest4j/1.2.0/opentest4j-1.2.0.jar:/home/gustavo/.m2/repository/org/junit/platform/junit-platform-commons/1.6.2/junit-platform-commons-1.6.2.jar:/home/gustavo/.m2/repository/org/junit/jupiter/junit-jupiter-params/5.6.2/junit-jupiter-params-5.6.2.jar:/home/gustavo/.m2/repository/org/junit/jupiter/junit-jupiter-engine/5.6.2/junit-jupiter-engine-5.6.2.jar:/home/gustavo/.m2/repository/org/junit/platform/junit-platform-engine/1.6.2/junit-platform-engine-1.6.2.jar:/home/gustavo/.m2/repository/io/quarkus/quarkus-core/1.7.3.Final/quarkus-core-1.7.3.Final.jar:/home/gustavo/.m2/repository/jakarta/annotation/jakarta.annotation-api/1.3.5/jakarta.annotation-api-1.3.5.jar:/home/gustavo/.m2/repository/jakarta/inject/jakarta.inject-api/1.0/jakarta.inject-api-1.0.jar:/home/gustavo/.m2/repository/io/quarkus/quarkus-ide-launcher/1.7.3.Final/quarkus-ide-launcher-1.7.3.Final.jar:/home/gustavo/.m2/repository/io/smallrye/config/smallrye-config/1.8.5/smallrye-config-1.8.5.jar:/home/gustavo/.m2/repository/io/smallrye/common/smallrye-common-annotation/1.1.0/smallrye-common-annotation-1.1.0.jar:/home/gustavo/.m2/repository/io/smallrye/config/smallrye-config-common/1.8.5/smallrye-config-common-1.8.5.jar:/home/gustavo/.m2/repository/io/smallrye/common/smallrye-common-expression/1.1.0/smallrye-common-expression-1.1.0.jar:/home/gustavo/.m2/repository/io/smallrye/common/smallrye-common-function/1.1.0/smallrye-common-function-1.1.0.jar:/home/gustavo/.m2/repository/io/smallrye/common/smallrye-common-constraint/1.1.0/smallrye-common-constraint-1.1.0.jar:/home/gustavo/.m2/repository/org/jboss/logging/jboss-logging/3.3.2.Final/jboss-logging-3.3.2.Final.jar:/home/gustavo/.m2/repository/org/jboss/logmanager/jboss-logmanager-embedded/1.0.4/jboss-logmanager-embedded-1.0.4.jar:/home/gustavo/.m2/repository/org/jboss/logging/jboss-logging-annotations/2.1.0.Final/jboss-logging-annotations-2.1.0.Final.jar:/home/gustavo/.m2/repository/org/jboss/threads/jboss-threads/3.1.1.Final/jboss-threads-3.1.1.Final.jar:/home/gustavo/.m2/repository/org/slf4j/slf4j-api/1.7.30/slf4j-api-1.7.30.jar:/home/gustavo/.m2/repository/org/jboss/slf4j/slf4j-jboss-logging/1.2.0.Final/slf4j-jboss-logging-1.2.0.Final.jar:/home/gustavo/.m2/repository/org/graalvm/sdk/graal-sdk/20.1.0/graal-sdk-20.1.0.jar:/home/gustavo/.m2/repository/org/wildfly/common/wildfly-common/1.5.4.Final-format-001/wildfly-common-1.5.4.Final-format-001.jar:/home/gustavo/.m2/repository/io/quarkus/quarkus-bootstrap-runner/1.7.3.Final/quarkus-bootstrap-runner-1.7.3.Final.jar:/home/gustavo/.m2/repository/com/thoughtworks/xstream/xstream/1.4.11.1/xstream-1.4.11.1.jar:/home/gustavo/.m2/repository/xmlpull/xmlpull/1.1.3.1/xmlpull-1.1.3.1.jar:/home/gustavo/.m2/repository/xpp3/xpp3_min/1.1.4c/xpp3_min-1.1.4c.jar:/home/gustavo/.m2/repository/io/rest-assured/rest-assured/4.3.0/rest-assured-4.3.0.jar:/home/gustavo/.m2/repository/org/codehaus/groovy/groovy/3.0.2/groovy-3.0.2.jar:/home/gustavo/.m2/repository/org/codehaus/groovy/groovy-xml/3.0.2/groovy-xml-3.0.2.jar:/home/gustavo/.m2/repository/org/apache/httpcomponents/httpclient/4.5.12/httpclient-4.5.12.jar:/home/gustavo/.m2/repository/org/apache/httpcomponents/httpcore/4.4.13/httpcore-4.4.13.jar:/home/gustavo/.m2/repository/commons-codec/commons-codec/1.14/commons-codec-1.14.jar:/home/gustavo/.m2/repository/org/apache/httpcomponents/httpmime/4.5.3/httpmime-4.5.3.jar:/home/gustavo/.m2/repository/org/hamcrest/hamcrest/2.1/hamcrest-2.1.jar:/home/gustavo/.m2/repository/org/ccil/cowan/tagsoup/tagsoup/1.2.1/tagsoup-1.2.1.jar:/home/gustavo/.m2/repository/io/rest-assured/json-path/4.3.0/json-path-4.3.0.jar:/home/gustavo/.m2/repository/org/codehaus/groovy/groovy-json/3.0.2/groovy-json-3.0.2.jar:/home/gustavo/.m2/repository/io/rest-assured/rest-assured-common/4.3.0/rest-assured-common-4.3.0.jar:/home/gustavo/.m2/repository/io/rest-assured/xml-path/4.3.0/xml-path-4.3.0.jar:/home/gustavo/.m2/repository/org/apache/commons/commons-lang3/3.9/commons-lang3-3.9.jar:/home/gustavo/.m2/repository/jakarta/xml/bind/jakarta.xml.bind-api/2.3.2/jakarta.xml.bind-api-2.3.2.jar:/home/gustavo/.m2/repository/jakarta/activation/jakarta.activation-api/1.2.1/jakarta.activation-api-1.2.1.jar:/home/gustavo/.m2/repository/org/apache/sling/org.apache.sling.javax.activation/0.1.0/org.apache.sling.javax.activation-0.1.0.jar:/home/gustavo/.m2/repository/io/quarkus/quarkus-rest-client/1.7.3.Final/quarkus-rest-client-1.7.3.Final.jar:/home/gustavo/.m2/repository/io/quarkus/quarkus-arc/1.7.3.Final/quarkus-arc-1.7.3.Final.jar:/home/gustavo/.m2/repository/io/quarkus/arc/arc/1.7.3.Final/arc-1.7.3.Final.jar:/home/gustavo/.m2/repository/org/eclipse/microprofile/context-propagation/microprofile-context-propagation-api/1.0.1/microprofile-context-propagation-api-1.0.1.jar:/home/gustavo/.m2/repository/io/quarkus/quarkus-resteasy-common/1.7.3.Final/quarkus-resteasy-common-1.7.3.Final.jar:/home/gustavo/.m2/repository/org/jboss/resteasy/resteasy-core/4.5.6.Final/resteasy-core-4.5.6.Final.jar:/home/gustavo/.m2/repository/org/jboss/spec/javax/ws/rs/jboss-jaxrs-api_2.1_spec/2.0.1.Final/jboss-jaxrs-api_2.1_spec-2.0.1.Final.jar:/home/gustavo/.m2/repository/org/jboss/resteasy/resteasy-core-spi/4.5.6.Final/resteasy-core-spi-4.5.6.Final.jar:/home/gustavo/.m2/repository/org/reactivestreams/reactive-streams/1.0.3/reactive-streams-1.0.3.jar:/home/gustavo/.m2/repository/com/ibm/async/asyncutil/0.1.0/asyncutil-0.1.0.jar:/home/gustavo/.m2/repository/org/eclipse/microprofile/config/microprofile-config-api/1.4/microprofile-config-api-1.4.jar:/home/gustavo/.m2/repository/com/sun/activation/jakarta.activation/1.2.1/jakarta.activation-1.2.1.jar:/home/gustavo/.m2/repository/org/jboss/resteasy/resteasy-client-microprofile/4.5.6.Final/resteasy-client-microprofile-4.5.6.Final.jar:/home/gustavo/.m2/repository/org/jboss/resteasy/resteasy-client/4.5.6.Final/resteasy-client-4.5.6.Final.jar:/home/gustavo/.m2/repository/org/jboss/resteasy/resteasy-client-api/4.5.6.Final/resteasy-client-api-4.5.6.Final.jar:/home/gustavo/.m2/repository/org/eclipse/microprofile/rest/client/microprofile-rest-client-api/1.4.1/microprofile-rest-client-api-1.4.1.jar:/home/gustavo/.m2/repository/jakarta/interceptor/jakarta.interceptor-api/1.2.5/jakarta.interceptor-api-1.2.5.jar:/home/gustavo/.m2/repository/org/apache/httpcomponents/httpasyncclient/4.1.4/httpasyncclient-4.1.4.jar:/home/gustavo/.m2/repository/org/apache/httpcomponents/httpcore-nio/4.4.13/httpcore-nio-4.4.13.jar:/home/gustavo/.m2/repository/org/jboss/logging/commons-logging-jboss-logging/1.0.0.Final/commons-logging-jboss-logging-1.0.0.Final.jar:/home/gustavo/.m2/repository/io/quarkus/quarkus-resteasy-jsonb/1.7.3.Final/quarkus-resteasy-jsonb-1.7.3.Final.jar:/home/gustavo/.m2/repository/io/quarkus/quarkus-jsonb/1.7.3.Final/quarkus-jsonb-1.7.3.Final.jar:/home/gustavo/.m2/repository/org/eclipse/yasson/1.0.8/yasson-1.0.8.jar:/home/gustavo/.m2/repository/io/quarkus/quarkus-jsonp/1.7.3.Final/quarkus-jsonp-1.7.3.Final.jar:/home/gustavo/.m2/repository/org/jboss/resteasy/resteasy-json-binding-provider/4.5.6.Final/resteasy-json-binding-provider-4.5.6.Final.jar:/home/gustavo/.m2/repository/org/glassfish/jakarta.json/1.1.6/jakarta.json-1.1.6.jar:/home/gustavo/.m2/repository/jakarta/json/bind/jakarta.json.bind-api/1.0.2/jakarta.json.bind-api-1.0.2.jar:/home/gustavo/.m2/repository/org/jboss/resteasy/resteasy-json-p-provider/4.5.6.Final/resteasy-json-p-provider-4.5.6.Final.jar:/home/gustavo/.m2/repository/commons-io/commons-io/2.7/commons-io-2.7.jar:/home/gustavo/.m2/repository/io/quarkus/quarkus-jdbc-mysql/1.7.3.Final/quarkus-jdbc-mysql-1.7.3.Final.jar:/home/gustavo/.m2/repository/mysql/mysql-connector-java/8.0.21/mysql-connector-java-8.0.21.jar:/home/gustavo/.m2/repository/io/quarkus/quarkus-hibernate-orm-panache/1.7.3.Final/quarkus-hibernate-orm-panache-1.7.3.Final.jar:/home/gustavo/.m2/repository/io/quarkus/quarkus-hibernate-orm/1.7.3.Final/quarkus-hibernate-orm-1.7.3.Final.jar:/home/gustavo/.m2/repository/io/quarkus/quarkus-narayana-jta/1.7.3.Final/quarkus-narayana-jta-1.7.3.Final.jar:/home/gustavo/.m2/repository/io/quarkus/quarkus-mutiny/1.7.3.Final/quarkus-mutiny-1.7.3.Final.jar:/home/gustavo/.m2/repository/io/quarkus/quarkus-smallrye-context-propagation/1.7.3.Final/quarkus-smallrye-context-propagation-1.7.3.Final.jar:/home/gustavo/.m2/repository/io/smallrye/smallrye-context-propagation/1.0.13/smallrye-context-propagation-1.0.13.jar:/home/gustavo/.m2/repository/io/smallrye/smallrye-context-propagation-api/1.0.13/smallrye-context-propagation-api-1.0.13.jar:/home/gustavo/.m2/repository/io/smallrye/reactive/mutiny-context-propagation/0.7.0/mutiny-context-propagation-0.7.0.jar:/home/gustavo/.m2/repository/io/smallrye/smallrye-context-propagation-jta/1.0.13/smallrye-context-propagation-jta-1.0.13.jar:/home/gustavo/.m2/repository/io/smallrye/reactive/smallrye-reactive-converter-api/1.1.0/smallrye-reactive-converter-api-1.1.0.jar:/home/gustavo/.m2/repository/io/smallrye/reactive/smallrye-reactive-converter-mutiny/1.1.0/smallrye-reactive-converter-mutiny-1.1.0.jar:/home/gustavo/.m2/repository/org/hibernate/hibernate-core/5.4.21.Final/hibernate-core-5.4.21.Final.jar:/home/gustavo/.m2/repository/antlr/antlr/2.7.7/antlr-2.7.7.jar:/home/gustavo/.m2/repository/com/fasterxml/classmate/1.3.4/classmate-1.3.4.jar:/home/gustavo/.m2/repository/org/dom4j/dom4j/2.1.3/dom4j-2.1.3.jar:/home/gustavo/.m2/repository/org/hibernate/common/hibernate-commons-annotations/5.1.0.Final/hibernate-commons-annotations-5.1.0.Final.jar:/home/gustavo/.m2/repository/org/hibernate/hibernate-graalvm/5.4.21.Final/hibernate-graalvm-5.4.21.Final.jar:/home/gustavo/.m2/repository/org/glassfish/jaxb/jaxb-runtime/2.3.3-b02/jaxb-runtime-2.3.3-b02.jar:/home/gustavo/.m2/repository/org/glassfish/jaxb/txw2/2.3.3-b02/txw2-2.3.3-b02.jar:/home/gustavo/.m2/repository/com/sun/istack/istack-commons-runtime/3.0.10/istack-commons-runtime-3.0.10.jar:/home/gustavo/.m2/repository/org/jboss/spec/javax/xml/bind/jboss-jaxb-api_2.3_spec/2.0.0.Final/jboss-jaxb-api_2.3_spec-2.0.0.Final.jar:/home/gustavo/.m2/repository/jakarta/transaction/jakarta.transaction-api/1.3.3/jakarta.transaction-api-1.3.3.jar:/home/gustavo/.m2/repository/org/hibernate/quarkus-local-cache/0.1.0/quarkus-local-cache-0.1.0.jar:/home/gustavo/.m2/repository/com/github/ben-manes/caffeine/caffeine/2.8.5/caffeine-2.8.5.jar:/home/gustavo/.m2/repository/com/google/errorprone/error_prone_annotations/2.2.0/error_prone_annotations-2.2.0.jar:/home/gustavo/.m2/repository/io/quarkus/quarkus-caffeine/1.7.3.Final/quarkus-caffeine-1.7.3.Final.jar:/home/gustavo/.m2/repository/io/quarkus/quarkus-hibernate-orm-panache-common/1.7.3.Final/quarkus-hibernate-orm-panache-common-1.7.3.Final.jar:/home/gustavo/.m2/repository/io/quarkus/quarkus-panache-common/1.7.3.Final/quarkus-panache-common-1.7.3.Final.jar:/home/gustavo/.m2/repository/io/quarkus/quarkus-security-jpa/1.7.3.Final/quarkus-security-jpa-1.7.3.Final.jar:/home/gustavo/.m2/repository/jakarta/persistence/jakarta.persistence-api/2.2.3/jakarta.persistence-api-2.2.3.jar:/home/gustavo/.m2/repository/io/quarkus/quarkus-security/1.7.3.Final/quarkus-security-1.7.3.Final.jar:/home/gustavo/.m2/repository/io/quarkus/quarkus-elytron-security-common/1.7.3.Final/quarkus-elytron-security-common-1.7.3.Final.jar:/home/gustavo/.m2/repository/org/wildfly/security/wildfly-elytron-credential/1.12.1.Final/wildfly-elytron-credential-1.12.1.Final.jar:/home/gustavo/.m2/repository/org/wildfly/security/wildfly-elytron-asn1/1.12.1.Final/wildfly-elytron-asn1-1.12.1.Final.jar:/home/gustavo/.m2/repository/org/wildfly/security/wildfly-elytron-keystore/1.12.1.Final/wildfly-elytron-keystore-1.12.1.Final.jar:/home/gustavo/.m2/repository/org/wildfly/security/wildfly-elytron-util/1.12.1.Final/wildfly-elytron-util-1.12.1.Final.jar:/home/gustavo/.m2/repository/org/wildfly/security/wildfly-elytron-base/1.12.1.Final/wildfly-elytron-base-1.12.1.Final.jar:/home/gustavo/.m2/repository/org/wildfly/security/wildfly-elytron-provider-util/1.12.1.Final/wildfly-elytron-provider-util-1.12.1.Final.jar:/home/gustavo/.m2/repository/org/wildfly/security/wildfly-elytron-x500/1.12.1.Final/wildfly-elytron-x500-1.12.1.Final.jar:/home/gustavo/.m2/repository/org/wildfly/security/wildfly-elytron-password-impl/1.12.1.Final/wildfly-elytron-password-impl-1.12.1.Final.jar:/home/gustavo/.m2/repository/io/quarkus/quarkus-agroal/1.7.3.Final/quarkus-agroal-1.7.3.Final.jar:/home/gustavo/.m2/repository/io/quarkus/quarkus-datasource/1.7.3.Final/quarkus-datasource-1.7.3.Final.jar:/home/gustavo/.m2/repository/io/quarkus/quarkus-datasource-common/1.7.3.Final/quarkus-datasource-common-1.7.3.Final.jar:/home/gustavo/.m2/repository/org/jboss/narayana/jta/narayana-jta/5.10.5.Final/narayana-jta-5.10.5.Final.jar:/home/gustavo/.m2/repository/org/jboss/jboss-transaction-spi/7.6.0.Final/jboss-transaction-spi-7.6.0.Final.jar:/home/gustavo/.m2/repository/org/jboss/spec/javax/resource/jboss-connector-api_1.7_spec/1.0.0.Final/jboss-connector-api_1.7_spec-1.0.0.Final.jar:/home/gustavo/.m2/repository/org/jboss/narayana/jts/narayana-jts-integration/5.10.5.Final/narayana-jts-integration-5.10.5.Final.jar:/home/gustavo/.m2/repository/io/agroal/agroal-api/1.8/agroal-api-1.8.jar:/home/gustavo/.m2/repository/io/agroal/agroal-narayana/1.8/agroal-narayana-1.8.jar:/home/gustavo/.m2/repository/io/agroal/agroal-pool/1.8/agroal-pool-1.8.jar:/home/gustavo/.m2/repository/io/quarkus/quarkus-credentials/1.7.3.Final/quarkus-credentials-1.7.3.Final.jar:/home/gustavo/.m2/repository/io/quarkus/quarkus-panache-mock/1.7.3.Final/quarkus-panache-mock-1.7.3.Final.jar:/home/gustavo/.m2/repository/io/quarkus/quarkus-panache-common-deployment/1.7.3.Final/quarkus-panache-common-deployment-1.7.3.Final.jar:/home/gustavo/.m2/repository/org/ow2/asm/asm/8.0.1/asm-8.0.1.jar:/home/gustavo/.m2/repository/org/mockito/mockito-core/3.4.6/mockito-core-3.4.6.jar:/home/gustavo/.m2/repository/net/bytebuddy/byte-buddy/1.10.13/byte-buddy-1.10.13.jar:/home/gustavo/.m2/repository/net/bytebuddy/byte-buddy-agent/1.10.13/byte-buddy-agent-1.10.13.jar:/home/gustavo/.m2/repository/org/objenesis/objenesis/2.6/objenesis-2.6.jar:/home/gustavo/.m2/repository/io/quarkus/quarkus-junit5-mockito/1.7.3.Final/quarkus-junit5-mockito-1.7.3.Final.jar:/home/gustavo/.m2/repository/io/quarkus/quarkus-arc-deployment/1.7.3.Final/quarkus-arc-deployment-1.7.3.Final.jar:/home/gustavo/.m2/repository/io/quarkus/arc/arc-processor/1.7.3.Final/arc-processor-1.7.3.Final.jar:"/>
    <property name="java.vm.vendor" value="GraalVM Community"/>
    <property name="sun.arch.data.model" value="64"/>
    <property name="java.vendor.url" value="https://www.graalvm.org/"/>
    <property name="user.timezone" value="America/Sao_Paulo"/>
    <property name="user.country.format" value="BR"/>
    <property name="java.vm.specification.version" value="11"/>
    <property name="os.name" value="Linux"/>
    <property name="sun.java.launcher" value="SUN_STANDARD"/>
    <property name="user.country" value="US"/>
    <property name="sun.boot.library.path" value="/home/gustavo/dev-tools/graalvm/graalvm-ce-java11-21.0.0.2/lib"/>
    <property name="sun.java.command" value="/home/gustavo/dev-tools/projects/quarkus/target/surefire/surefirebooter13087786442790715775.jar /home/gustavo/dev-tools/projects/quarkus/target/surefire 2021-04-08T00-08-46_818-jvmRun1 surefire7042226302233968299tmp surefire_018063008681717167965tmp"/>
    <property name="jdk.debug" value="release"/>
    <property name="maven.home" value="/home/gustavo/dev-tools/IntelliJ/plugins/maven/lib/maven3"/>
    <property name="surefire.test.class.path" value="/home/gustavo/dev-tools/projects/quarkus/target/test-classes:/home/gustavo/dev-tools/projects/quarkus/target/classes:/home/gustavo/.m2/repository/io/quarkus/quarkus-resteasy/1.7.3.Final/quarkus-resteasy-1.7.3.Final.jar:/home/gustavo/.m2/repository/io/quarkus/quarkus-vertx-http/1.7.3.Final/quarkus-vertx-http-1.7.3.Final.jar:/home/gustavo/.m2/repository/io/quarkus/quarkus-security-runtime-spi/1.7.3.Final/quarkus-security-runtime-spi-1.7.3.Final.jar:/home/gustavo/.m2/repository/io/quarkus/quarkus-development-mode-spi/1.7.3.Final/quarkus-development-mode-spi-1.7.3.Final.jar:/home/gustavo/.m2/repository/io/quarkus/security/quarkus-security/1.1.2.Final/quarkus-security-1.1.2.Final.jar:/home/gustavo/.m2/repository/io/smallrye/reactive/mutiny/0.7.0/mutiny-0.7.0.jar:/home/gustavo/.m2/repository/jakarta/enterprise/jakarta.enterprise.cdi-api/2.0.2/jakarta.enterprise.cdi-api-2.0.2.jar:/home/gustavo/.m2/repository/jakarta/el/jakarta.el-api/3.0.3/jakarta.el-api-3.0.3.jar:/home/gustavo/.m2/repository/io/quarkus/quarkus-vertx-core/1.7.3.Final/quarkus-vertx-core-1.7.3.Final.jar:/home/gustavo/.m2/repository/io/quarkus/quarkus-netty/1.7.3.Final/quarkus-netty-1.7.3.Final.jar:/home/gustavo/.m2/repository/io/netty/netty-codec/4.1.49.Final/netty-codec-4.1.49.Final.jar:/home/gustavo/.m2/repository/io/netty/netty-handler/4.1.49.Final/netty-handler-4.1.49.Final.jar:/home/gustavo/.m2/repository/io/vertx/vertx-core/3.9.2/vertx-core-3.9.2.jar:/home/gustavo/.m2/repository/io/netty/netty-common/4.1.49.Final/netty-common-4.1.49.Final.jar:/home/gustavo/.m2/repository/io/netty/netty-buffer/4.1.49.Final/netty-buffer-4.1.49.Final.jar:/home/gustavo/.m2/repository/io/netty/netty-transport/4.1.49.Final/netty-transport-4.1.49.Final.jar:/home/gustavo/.m2/repository/io/netty/netty-handler-proxy/4.1.49.Final/netty-handler-proxy-4.1.49.Final.jar:/home/gustavo/.m2/repository/io/netty/netty-codec-socks/4.1.49.Final/netty-codec-socks-4.1.49.Final.jar:/home/gustavo/.m2/repository/io/netty/netty-codec-http/4.1.49.Final/netty-codec-http-4.1.49.Final.jar:/home/gustavo/.m2/repository/io/netty/netty-codec-http2/4.1.49.Final/netty-codec-http2-4.1.49.Final.jar:/home/gustavo/.m2/repository/io/netty/netty-resolver/4.1.49.Final/netty-resolver-4.1.49.Final.jar:/home/gustavo/.m2/repository/io/netty/netty-resolver-dns/4.1.49.Final/netty-resolver-dns-4.1.49.Final.jar:/home/gustavo/.m2/repository/io/netty/netty-codec-dns/4.1.49.Final/netty-codec-dns-4.1.49.Final.jar:/home/gustavo/.m2/repository/com/fasterxml/jackson/core/jackson-core/2.11.2/jackson-core-2.11.2.jar:/home/gustavo/.m2/repository/io/vertx/vertx-web/3.9.2/vertx-web-3.9.2.jar:/home/gustavo/.m2/repository/io/vertx/vertx-web-common/3.9.2/vertx-web-common-3.9.2.jar:/home/gustavo/.m2/repository/io/vertx/vertx-auth-common/3.9.2/vertx-auth-common-3.9.2.jar:/home/gustavo/.m2/repository/io/vertx/vertx-bridge-common/3.9.2/vertx-bridge-common-3.9.2.jar:/home/gustavo/.m2/repository/io/quarkus/quarkus-resteasy-server-common/1.7.3.Final/quarkus-resteasy-server-common-1.7.3.Final.jar:/home/gustavo/.m2/repository/jakarta/validation/jakarta.validation-api/2.0.2/jakarta.validation-api-2.0.2.jar:/home/gustavo/.m2/repository/io/quarkus/quarkus-junit5/1.7.3.Final/quarkus-junit5-1.7.3.Final.jar:/home/gustavo/.m2/repository/io/quarkus/quarkus-bootstrap-core/1.7.3.Final/quarkus-bootstrap-core-1.7.3.Final.jar:/home/gustavo/.m2/repository/io/quarkus/quarkus-bootstrap-app-model/1.7.3.Final/quarkus-bootstrap-app-model-1.7.3.Final.jar:/home/gustavo/.m2/repository/io/quarkus/quarkus-bootstrap-maven-resolver/1.7.3.Final/quarkus-bootstrap-maven-resolver-1.7.3.Final.jar:/home/gustavo/.m2/repository/org/apache/maven/maven-embedder/3.6.3/maven-embedder-3.6.3.jar:/home/gustavo/.m2/repository/org/apache/maven/maven-settings/3.6.3/maven-settings-3.6.3.jar:/home/gustavo/.m2/repository/org/apache/maven/maven-core/3.6.3/maven-core-3.6.3.jar:/home/gustavo/.m2/repository/org/apache/maven/maven-artifact/3.6.3/maven-artifact-3.6.3.jar:/home/gustavo/.m2/repository/org/codehaus/plexus/plexus-component-annotations/2.1.0/plexus-component-annotations-2.1.0.jar:/home/gustavo/.m2/repository/org/apache/maven/maven-plugin-api/3.6.3/maven-plugin-api-3.6.3.jar:/home/gustavo/.m2/repository/org/apache/maven/maven-model/3.6.3/maven-model-3.6.3.jar:/home/gustavo/.m2/repository/org/apache/maven/maven-model-builder/3.6.3/maven-model-builder-3.6.3.jar:/home/gustavo/.m2/repository/org/apache/maven/maven-builder-support/3.6.3/maven-builder-support-3.6.3.jar:/home/gustavo/.m2/repository/org/apache/maven/resolver/maven-resolver-api/1.4.1/maven-resolver-api-1.4.1.jar:/home/gustavo/.m2/repository/org/apache/maven/resolver/maven-resolver-util/1.4.1/maven-resolver-util-1.4.1.jar:/home/gustavo/.m2/repository/org/apache/maven/shared/maven-shared-utils/3.2.1/maven-shared-utils-3.2.1.jar:/home/gustavo/.m2/repository/com/google/inject/guice/4.2.1/guice-4.2.1-no_aop.jar:/home/gustavo/.m2/repository/com/google/guava/guava/27.0.1-jre/guava-27.0.1-jre.jar:/home/gustavo/.m2/repository/com/google/guava/failureaccess/1.0.1/failureaccess-1.0.1.jar:/home/gustavo/.m2/repository/com/google/guava/listenablefuture/9999.0-empty-to-avoid-conflict-with-guava/listenablefuture-9999.0-empty-to-avoid-conflict-with-guava.jar:/home/gustavo/.m2/repository/org/codehaus/plexus/plexus-utils/3.2.1/plexus-utils-3.2.1.jar:/home/gustavo/.m2/repository/org/codehaus/plexus/plexus-classworlds/2.5.2/plexus-classworlds-2.5.2.jar:/home/gustavo/.m2/repository/commons-cli/commons-cli/1.4/commons-cli-1.4.jar:/home/gustavo/.m2/repository/org/eclipse/sisu/org.eclipse.sisu.plexus/0.3.4/org.eclipse.sisu.plexus-0.3.4.jar:/home/gustavo/.m2/repository/org/apache/maven/maven-settings-builder/3.6.3/maven-settings-builder-3.6.3.jar:/home/gustavo/.m2/repository/org/codehaus/plexus/plexus-interpolation/1.25/plexus-interpolation-1.25.jar:/home/gustavo/.m2/repository/org/sonatype/plexus/plexus-sec-dispatcher/1.4/plexus-sec-dispatcher-1.4.jar:/home/gustavo/.m2/repository/org/sonatype/plexus/plexus-cipher/1.4/plexus-cipher-1.4.jar:/home/gustavo/.m2/repository/org/apache/maven/maven-resolver-provider/3.6.3/maven-resolver-provider-3.6.3.jar:/home/gustavo/.m2/repository/org/apache/maven/maven-repository-metadata/3.6.3/maven-repository-metadata-3.6.3.jar:/home/gustavo/.m2/repository/org/apache/maven/resolver/maven-resolver-spi/1.4.1/maven-resolver-spi-1.4.1.jar:/home/gustavo/.m2/repository/org/apache/maven/resolver/maven-resolver-impl/1.4.1/maven-resolver-impl-1.4.1.jar:/home/gustavo/.m2/repository/org/apache/maven/resolver/maven-resolver-connector-basic/1.4.1/maven-resolver-connector-basic-1.4.1.jar:/home/gustavo/.m2/repository/org/apache/maven/resolver/maven-resolver-transport-wagon/1.4.1/maven-resolver-transport-wagon-1.4.1.jar:/home/gustavo/.m2/repository/org/apache/maven/wagon/wagon-http/3.3.4/wagon-http-3.3.4.jar:/home/gustavo/.m2/repository/org/apache/maven/wagon/wagon-http-shared/3.3.4/wagon-http-shared-3.3.4.jar:/home/gustavo/.m2/repository/org/jsoup/jsoup/1.12.1/jsoup-1.12.1.jar:/home/gustavo/.m2/repository/org/apache/maven/wagon/wagon-provider-api/3.3.4/wagon-provider-api-3.3.4.jar:/home/gustavo/.m2/repository/org/apache/maven/wagon/wagon-file/3.3.4/wagon-file-3.3.4.jar:/home/gustavo/.m2/repository/io/quarkus/quarkus-bootstrap-gradle-resolver/1.7.3.Final/quarkus-bootstrap-gradle-resolver-1.7.3.Final.jar:/home/gustavo/.m2/repository/io/smallrye/common/smallrye-common-io/1.1.0/smallrye-common-io-1.1.0.jar:/home/gustavo/.m2/repository/org/eclipse/sisu/org.eclipse.sisu.inject/0.3.4/org.eclipse.sisu.inject-0.3.4.jar:/home/gustavo/.m2/repository/io/quarkus/quarkus-test-common/1.7.3.Final/quarkus-test-common-1.7.3.Final.jar:/home/gustavo/.m2/repository/io/quarkus/quarkus-core-deployment/1.7.3.Final/quarkus-core-deployment-1.7.3.Final.jar:/home/gustavo/.m2/repository/io/quarkus/gizmo/gizmo/1.0.4.Final/gizmo-1.0.4.Final.jar:/home/gustavo/.m2/repository/org/ow2/asm/asm-util/8.0.1/asm-util-8.0.1.jar:/home/gustavo/.m2/repository/org/ow2/asm/asm-tree/8.0.1/asm-tree-8.0.1.jar:/home/gustavo/.m2/repository/org/ow2/asm/asm-analysis/8.0.1/asm-analysis-8.0.1.jar:/home/gustavo/.m2/repository/io/quarkus/quarkus-devtools-utilities/1.7.3.Final/quarkus-devtools-utilities-1.7.3.Final.jar:/home/gustavo/.m2/repository/io/quarkus/quarkus-builder/1.7.3.Final/quarkus-builder-1.7.3.Final.jar:/home/gustavo/.m2/repository/io/quarkus/quarkus-jsonp-deployment/1.7.3.Final/quarkus-jsonp-deployment-1.7.3.Final.jar:/home/gustavo/.m2/repository/org/jboss/jandex/2.2.1.Final/jandex-2.2.1.Final.jar:/home/gustavo/.m2/repository/org/junit/jupiter/junit-jupiter/5.6.2/junit-jupiter-5.6.2.jar:/home/gustavo/.m2/repository/org/junit/jupiter/junit-jupiter-api/5.6.2/junit-jupiter-api-5.6.2.jar:/home/gustavo/.m2/repository/org/apiguardian/apiguardian-api/1.1.0/apiguardian-api-1.1.0.jar:/home/gustavo/.m2/repository/org/opentest4j/opentest4j/1.2.0/opentest4j-1.2.0.jar:/home/gustavo/.m2/repository/org/junit/platform/junit-platform-commons/1.6.2/junit-platform-commons-1.6.2.jar:/home/gustavo/.m2/repository/org/junit/jupiter/junit-jupiter-params/5.6.2/junit-jupiter-params-5.6.2.jar:/home/gustavo/.m2/repository/org/junit/jupiter/junit-jupiter-engine/5.6.2/junit-jupiter-engine-5.6.2.jar:/home/gustavo/.m2/repository/org/junit/platform/junit-platform-engine/1.6.2/junit-platform-engine-1.6.2.jar:/home/gustavo/.m2/repository/io/quarkus/quarkus-core/1.7.3.Final/quarkus-core-1.7.3.Final.jar:/home/gustavo/.m2/repository/jakarta/annotation/jakarta.annotation-api/1.3.5/jakarta.annotation-api-1.3.5.jar:/home/gustavo/.m2/repository/jakarta/inject/jakarta.inject-api/1.0/jakarta.inject-api-1.0.jar:/home/gustavo/.m2/repository/io/quarkus/quarkus-ide-launcher/1.7.3.Final/quarkus-ide-launcher-1.7.3.Final.jar:/home/gustavo/.m2/repository/io/smallrye/config/smallrye-config/1.8.5/smallrye-config-1.8.5.jar:/home/gustavo/.m2/repository/io/smallrye/common/smallrye-common-annotation/1.1.0/smallrye-common-annotation-1.1.0.jar:/home/gustavo/.m2/repository/io/smallrye/config/smallrye-config-common/1.8.5/smallrye-config-common-1.8.5.jar:/home/gustavo/.m2/repository/io/smallrye/common/smallrye-common-expression/1.1.0/smallrye-common-expression-1.1.0.jar:/home/gustavo/.m2/repository/io/smallrye/common/smallrye-common-function/1.1.0/smallrye-common-function-1.1.0.jar:/home/gustavo/.m2/repository/io/smallrye/common/smallrye-common-constraint/1.1.0/smallrye-common-constraint-1.1.0.jar:/home/gustavo/.m2/repository/org/jboss/logging/jboss-logging/3.3.2.Final/jboss-logging-3.3.2.Final.jar:/home/gustavo/.m2/repository/org/jboss/logmanager/jboss-logmanager-embedded/1.0.4/jboss-logmanager-embedded-1.0.4.jar:/home/gustavo/.m2/repository/org/jboss/logging/jboss-logging-annotations/2.1.0.Final/jboss-logging-annotations-2.1.0.Final.jar:/home/gustavo/.m2/repository/org/jboss/threads/jboss-threads/3.1.1.Final/jboss-threads-3.1.1.Final.jar:/home/gustavo/.m2/repository/org/slf4j/slf4j-api/1.7.30/slf4j-api-1.7.30.jar:/home/gustavo/.m2/repository/org/jboss/slf4j/slf4j-jboss-logging/1.2.0.Final/slf4j-jboss-logging-1.2.0.Final.jar:/home/gustavo/.m2/repository/org/graalvm/sdk/graal-sdk/20.1.0/graal-sdk-20.1.0.jar:/home/gustavo/.m2/repository/org/wildfly/common/wildfly-common/1.5.4.Final-format-001/wildfly-common-1.5.4.Final-format-001.jar:/home/gustavo/.m2/repository/io/quarkus/quarkus-bootstrap-runner/1.7.3.Final/quarkus-bootstrap-runner-1.7.3.Final.jar:/home/gustavo/.m2/repository/com/thoughtworks/xstream/xstream/1.4.11.1/xstream-1.4.11.1.jar:/home/gustavo/.m2/repository/xmlpull/xmlpull/1.1.3.1/xmlpull-1.1.3.1.jar:/home/gustavo/.m2/repository/xpp3/xpp3_min/1.1.4c/xpp3_min-1.1.4c.jar:/home/gustavo/.m2/repository/io/rest-assured/rest-assured/4.3.0/rest-assured-4.3.0.jar:/home/gustavo/.m2/repository/org/codehaus/groovy/groovy/3.0.2/groovy-3.0.2.jar:/home/gustavo/.m2/repository/org/codehaus/groovy/groovy-xml/3.0.2/groovy-xml-3.0.2.jar:/home/gustavo/.m2/repository/org/apache/httpcomponents/httpclient/4.5.12/httpclient-4.5.12.jar:/home/gustavo/.m2/repository/org/apache/httpcomponents/httpcore/4.4.13/httpcore-4.4.13.jar:/home/gustavo/.m2/repository/commons-codec/commons-codec/1.14/commons-codec-1.14.jar:/home/gustavo/.m2/repository/org/apache/httpcomponents/httpmime/4.5.3/httpmime-4.5.3.jar:/home/gustavo/.m2/repository/org/hamcrest/hamcrest/2.1/hamcrest-2.1.jar:/home/gustavo/.m2/repository/org/ccil/cowan/tagsoup/tagsoup/1.2.1/tagsoup-1.2.1.jar:/home/gustavo/.m2/repository/io/rest-assured/json-path/4.3.0/json-path-4.3.0.jar:/home/gustavo/.m2/repository/org/codehaus/groovy/groovy-json/3.0.2/groovy-json-3.0.2.jar:/home/gustavo/.m2/repository/io/rest-assured/rest-assured-common/4.3.0/rest-assured-common-4.3.0.jar:/home/gustavo/.m2/repository/io/rest-assured/xml-path/4.3.0/xml-path-4.3.0.jar:/home/gustavo/.m2/repository/org/apache/commons/commons-lang3/3.9/commons-lang3-3.9.jar:/home/gustavo/.m2/repository/jakarta/xml/bind/jakarta.xml.bind-api/2.3.2/jakarta.xml.bind-api-2.3.2.jar:/home/gustavo/.m2/repository/jakarta/activation/jakarta.activation-api/1.2.1/jakarta.activation-api-1.2.1.jar:/home/gustavo/.m2/repository/org/apache/sling/org.apache.sling.javax.activation/0.1.0/org.apache.sling.javax.activation-0.1.0.jar:/home/gustavo/.m2/repository/io/quarkus/quarkus-rest-client/1.7.3.Final/quarkus-rest-client-1.7.3.Final.jar:/home/gustavo/.m2/repository/io/quarkus/quarkus-arc/1.7.3.Final/quarkus-arc-1.7.3.Final.jar:/home/gustavo/.m2/repository/io/quarkus/arc/arc/1.7.3.Final/arc-1.7.3.Final.jar:/home/gustavo/.m2/repository/org/eclipse/microprofile/context-propagation/microprofile-context-propagation-api/1.0.1/microprofile-context-propagation-api-1.0.1.jar:/home/gustavo/.m2/repository/io/quarkus/quarkus-resteasy-common/1.7.3.Final/quarkus-resteasy-common-1.7.3.Final.jar:/home/gustavo/.m2/repository/org/jboss/resteasy/resteasy-core/4.5.6.Final/resteasy-core-4.5.6.Final.jar:/home/gustavo/.m2/repository/org/jboss/spec/javax/ws/rs/jboss-jaxrs-api_2.1_spec/2.0.1.Final/jboss-jaxrs-api_2.1_spec-2.0.1.Final.jar:/home/gustavo/.m2/repository/org/jboss/resteasy/resteasy-core-spi/4.5.6.Final/resteasy-core-spi-4.5.6.Final.jar:/home/gustavo/.m2/repository/org/reactivestreams/reactive-streams/1.0.3/reactive-streams-1.0.3.jar:/home/gustavo/.m2/repository/com/ibm/async/asyncutil/0.1.0/asyncutil-0.1.0.jar:/home/gustavo/.m2/repository/org/eclipse/microprofile/config/microprofile-config-api/1.4/microprofile-config-api-1.4.jar:/home/gustavo/.m2/repository/com/sun/activation/jakarta.activation/1.2.1/jakarta.activation-1.2.1.jar:/home/gustavo/.m2/repository/org/jboss/resteasy/resteasy-client-microprofile/4.5.6.Final/resteasy-client-microprofile-4.5.6.Final.jar:/home/gustavo/.m2/repository/org/jboss/resteasy/resteasy-client/4.5.6.Final/resteasy-client-4.5.6.Final.jar:/home/gustavo/.m2/repository/org/jboss/resteasy/resteasy-client-api/4.5.6.Final/resteasy-client-api-4.5.6.Final.jar:/home/gustavo/.m2/repository/org/eclipse/microprofile/rest/client/microprofile-rest-client-api/1.4.1/microprofile-rest-client-api-1.4.1.jar:/home/gustavo/.m2/repository/jakarta/interceptor/jakarta.interceptor-api/1.2.5/jakarta.interceptor-api-1.2.5.jar:/home/gustavo/.m2/repository/org/apache/httpcomponents/httpasyncclient/4.1.4/httpasyncclient-4.1.4.jar:/home/gustavo/.m2/repository/org/apache/httpcomponents/httpcore-nio/4.4.13/httpcore-nio-4.4.13.jar:/home/gustavo/.m2/repository/org/jboss/logging/commons-logging-jboss-logging/1.0.0.Final/commons-logging-jboss-logging-1.0.0.Final.jar:/home/gustavo/.m2/repository/io/quarkus/quarkus-resteasy-jsonb/1.7.3.Final/quarkus-resteasy-jsonb-1.7.3.Final.jar:/home/gustavo/.m2/repository/io/quarkus/quarkus-jsonb/1.7.3.Final/quarkus-jsonb-1.7.3.Final.jar:/home/gustavo/.m2/repository/org/eclipse/yasson/1.0.8/yasson-1.0.8.jar:/home/gustavo/.m2/repository/io/quarkus/quarkus-jsonp/1.7.3.Final/quarkus-jsonp-1.7.3.Final.jar:/home/gustavo/.m2/repository/org/jboss/resteasy/resteasy-json-binding-provider/4.5.6.Final/resteasy-json-binding-provider-4.5.6.Final.jar:/home/gustavo/.m2/repository/org/glassfish/jakarta.json/1.1.6/jakarta.json-1.1.6.jar:/home/gustavo/.m2/repository/jakarta/json/bind/jakarta.json.bind-api/1.0.2/jakarta.json.bind-api-1.0.2.jar:/home/gustavo/.m2/repository/org/jboss/resteasy/resteasy-json-p-provider/4.5.6.Final/resteasy-json-p-provider-4.5.6.Final.jar:/home/gustavo/.m2/repository/commons-io/commons-io/2.7/commons-io-2.7.jar:/home/gustavo/.m2/repository/io/quarkus/quarkus-jdbc-mysql/1.7.3.Final/quarkus-jdbc-mysql-1.7.3.Final.jar:/home/gustavo/.m2/repository/mysql/mysql-connector-java/8.0.21/mysql-connector-java-8.0.21.jar:/home/gustavo/.m2/repository/io/quarkus/quarkus-hibernate-orm-panache/1.7.3.Final/quarkus-hibernate-orm-panache-1.7.3.Final.jar:/home/gustavo/.m2/repository/io/quarkus/quarkus-hibernate-orm/1.7.3.Final/quarkus-hibernate-orm-1.7.3.Final.jar:/home/gustavo/.m2/repository/io/quarkus/quarkus-narayana-jta/1.7.3.Final/quarkus-narayana-jta-1.7.3.Final.jar:/home/gustavo/.m2/repository/io/quarkus/quarkus-mutiny/1.7.3.Final/quarkus-mutiny-1.7.3.Final.jar:/home/gustavo/.m2/repository/io/quarkus/quarkus-smallrye-context-propagation/1.7.3.Final/quarkus-smallrye-context-propagation-1.7.3.Final.jar:/home/gustavo/.m2/repository/io/smallrye/smallrye-context-propagation/1.0.13/smallrye-context-propagation-1.0.13.jar:/home/gustavo/.m2/repository/io/smallrye/smallrye-context-propagation-api/1.0.13/smallrye-context-propagation-api-1.0.13.jar:/home/gustavo/.m2/repository/io/smallrye/reactive/mutiny-context-propagation/0.7.0/mutiny-context-propagation-0.7.0.jar:/home/gustavo/.m2/repository/io/smallrye/smallrye-context-propagation-jta/1.0.13/smallrye-context-propagation-jta-1.0.13.jar:/home/gustavo/.m2/repository/io/smallrye/reactive/smallrye-reactive-converter-api/1.1.0/smallrye-reactive-converter-api-1.1.0.jar:/home/gustavo/.m2/repository/io/smallrye/reactive/smallrye-reactive-converter-mutiny/1.1.0/smallrye-reactive-converter-mutiny-1.1.0.jar:/home/gustavo/.m2/repository/org/hibernate/hibernate-core/5.4.21.Final/hibernate-core-5.4.21.Final.jar:/home/gustavo/.m2/repository/antlr/antlr/2.7.7/antlr-2.7.7.jar:/home/gustavo/.m2/repository/com/fasterxml/classmate/1.3.4/classmate-1.3.4.jar:/home/gustavo/.m2/repository/org/dom4j/dom4j/2.1.3/dom4j-2.1.3.jar:/home/gustavo/.m2/repository/org/hibernate/common/hibernate-commons-annotations/5.1.0.Final/hibernate-commons-annotations-5.1.0.Final.jar:/home/gustavo/.m2/repository/org/hibernate/hibernate-graalvm/5.4.21.Final/hibernate-graalvm-5.4.21.Final.jar:/home/gustavo/.m2/repository/org/glassfish/jaxb/jaxb-runtime/2.3.3-b02/jaxb-runtime-2.3.3-b02.jar:/home/gustavo/.m2/repository/org/glassfish/jaxb/txw2/2.3.3-b02/txw2-2.3.3-b02.jar:/home/gustavo/.m2/repository/com/sun/istack/istack-commons-runtime/3.0.10/istack-commons-runtime-3.0.10.jar:/home/gustavo/.m2/repository/org/jboss/spec/javax/xml/bind/jboss-jaxb-api_2.3_spec/2.0.0.Final/jboss-jaxb-api_2.3_spec-2.0.0.Final.jar:/home/gustavo/.m2/repository/jakarta/transaction/jakarta.transaction-api/1.3.3/jakarta.transaction-api-1.3.3.jar:/home/gustavo/.m2/repository/org/hibernate/quarkus-local-cache/0.1.0/quarkus-local-cache-0.1.0.jar:/home/gustavo/.m2/repository/com/github/ben-manes/caffeine/caffeine/2.8.5/caffeine-2.8.5.jar:/home/gustavo/.m2/repository/com/google/errorprone/error_prone_annotations/2.2.0/error_prone_annotations-2.2.0.jar:/home/gustavo/.m2/repository/io/quarkus/quarkus-caffeine/1.7.3.Final/quarkus-caffeine-1.7.3.Final.jar:/home/gustavo/.m2/repository/io/quarkus/quarkus-hibernate-orm-panache-common/1.7.3.Final/quarkus-hibernate-orm-panache-common-1.7.3.Final.jar:/home/gustavo/.m2/repository/io/quarkus/quarkus-panache-common/1.7.3.Final/quarkus-panache-common-1.7.3.Final.jar:/home/gustavo/.m2/repository/io/quarkus/quarkus-security-jpa/1.7.3.Final/quarkus-security-jpa-1.7.3.Final.jar:/home/gustavo/.m2/repository/jakarta/persistence/jakarta.persistence-api/2.2.3/jakarta.persistence-api-2.2.3.jar:/home/gustavo/.m2/repository/io/quarkus/quarkus-security/1.7.3.Final/quarkus-security-1.7.3.Final.jar:/home/gustavo/.m2/repository/io/quarkus/quarkus-elytron-security-common/1.7.3.Final/quarkus-elytron-security-common-1.7.3.Final.jar:/home/gustavo/.m2/repository/org/wildfly/security/wildfly-elytron-credential/1.12.1.Final/wildfly-elytron-credential-1.12.1.Final.jar:/home/gustavo/.m2/repository/org/wildfly/security/wildfly-elytron-asn1/1.12.1.Final/wildfly-elytron-asn1-1.12.1.Final.jar:/home/gustavo/.m2/repository/org/wildfly/security/wildfly-elytron-keystore/1.12.1.Final/wildfly-elytron-keystore-1.12.1.Final.jar:/home/gustavo/.m2/repository/org/wildfly/security/wildfly-elytron-util/1.12.1.Final/wildfly-elytron-util-1.12.1.Final.jar:/home/gustavo/.m2/repository/org/wildfly/security/wildfly-elytron-base/1.12.1.Final/wildfly-elytron-base-1.12.1.Final.jar:/home/gustavo/.m2/repository/org/wildfly/security/wildfly-elytron-provider-util/1.12.1.Final/wildfly-elytron-provider-util-1.12.1.Final.jar:/home/gustavo/.m2/repository/org/wildfly/security/wildfly-elytron-x500/1.12.1.Final/wildfly-elytron-x500-1.12.1.Final.jar:/home/gustavo/.m2/repository/org/wildfly/security/wildfly-elytron-password-impl/1.12.1.Final/wildfly-elytron-password-impl-1.12.1.Final.jar:/home/gustavo/.m2/repository/io/quarkus/quarkus-agroal/1.7.3.Final/quarkus-agroal-1.7.3.Final.jar:/home/gustavo/.m2/repository/io/quarkus/quarkus-datasource/1.7.3.Final/quarkus-datasource-1.7.3.Final.jar:/home/gustavo/.m2/repository/io/quarkus/quarkus-datasource-common/1.7.3.Final/quarkus-datasource-common-1.7.3.Final.jar:/home/gustavo/.m2/repository/org/jboss/narayana/jta/narayana-jta/5.10.5.Final/narayana-jta-5.10.5.Final.jar:/home/gustavo/.m2/repository/org/jboss/jboss-transaction-spi/7.6.0.Final/jboss-transaction-spi-7.6.0.Final.jar:/home/gustavo/.m2/repository/org/jboss/spec/javax/resource/jboss-connector-api_1.7_spec/1.0.0.Final/jboss-connector-api_1.7_spec-1.0.0.Final.jar:/home/gustavo/.m2/repository/org/jboss/narayana/jts/narayana-jts-integration/5.10.5.Final/narayana-jts-integration-5.10.5.Final.jar:/home/gustavo/.m2/repository/io/agroal/agroal-api/1.8/agroal-api-1.8.jar:/home/gustavo/.m2/repository/io/agroal/agroal-narayana/1.8/agroal-narayana-1.8.jar:/home/gustavo/.m2/repository/io/agroal/agroal-pool/1.8/agroal-pool-1.8.jar:/home/gustavo/.m2/repository/io/quarkus/quarkus-credentials/1.7.3.Final/quarkus-credentials-1.7.3.Final.jar:/home/gustavo/.m2/repository/io/quarkus/quarkus-panache-mock/1.7.3.Final/quarkus-panache-mock-1.7.3.Final.jar:/home/gustavo/.m2/repository/io/quarkus/quarkus-panache-common-deployment/1.7.3.Final/quarkus-panache-common-deployment-1.7.3.Final.jar:/home/gustavo/.m2/repository/org/ow2/asm/asm/8.0.1/asm-8.0.1.jar:/home/gustavo/.m2/repository/org/mockito/mockito-core/3.4.6/mockito-core-3.4.6.jar:/home/gustavo/.m2/repository/net/bytebuddy/byte-buddy/1.10.13/byte-buddy-1.10.13.jar:/home/gustavo/.m2/repository/net/bytebuddy/byte-buddy-agent/1.10.13/byte-buddy-agent-1.10.13.jar:/home/gustavo/.m2/repository/org/objenesis/objenesis/2.6/objenesis-2.6.jar:/home/gustavo/.m2/repository/io/quarkus/quarkus-junit5-mockito/1.7.3.Final/quarkus-junit5-mockito-1.7.3.Final.jar:/home/gustavo/.m2/repository/io/quarkus/quarkus-arc-deployment/1.7.3.Final/quarkus-arc-deployment-1.7.3.Final.jar:/home/gustavo/.m2/repository/io/quarkus/arc/arc-processor/1.7.3.Final/arc-processor-1.7.3.Final.jar:"/>
    <property name="sun.cpu.endian" value="little"/>
    <property name="user.home" value="/home/gustavo"/>
    <property name="user.language" value="en"/>
    <property name="java.specification.vendor" value="Oracle Corporation"/>
    <property name="io.netty.allocator.maxOrder" value="1"/>
    <property name="java.version.date" value="2021-01-19"/>
    <property name="java.home" value="/home/gustavo/dev-tools/graalvm/graalvm-ce-java11-21.0.0.2"/>
    <property name="file.separator" value="/"/>
    <property name="basedir" value="/home/gustavo/dev-tools/projects/quarkus"/>
    <property name="java.vm.compressedOopsMode" value="Zero based"/>
    <property name="line.separator" value="&#10;"/>
    <property name="jdk.internal.vm.ci.enabled" value="true"/>
    <property name="java.specification.name" value="Java Platform API Specification"/>
    <property name="java.vm.specification.vendor" value="Oracle Corporation"/>
    <property name="java.awt.graphicsenv" value="sun.awt.X11GraphicsEnvironment"/>
    <property name="surefire.real.class.path" value="/home/gustavo/dev-tools/projects/quarkus/target/surefire/surefirebooter13087786442790715775.jar"/>
    <property name="sun.management.compiler" value="HotSpot 64-Bit Tiered Compilers"/>
    <property name="java.runtime.version" value="11.0.10+8-jvmci-21.0-b06"/>
    <property name="user.name" value="gustavo"/>
    <property name="path.separator" value=":"/>
    <property name="quarkus.native.container-build" value="true"/>
    <property name="os.version" value="4.15.0-140-generic"/>
    <property name="java.runtime.name" value="OpenJDK Runtime Environment"/>
    <property name="file.encoding" value="UTF-8"/>
    <property name="sun.nio.ch.bugLevel" value=""/>
    <property name="java.vm.name" value="OpenJDK 64-Bit Server VM"/>
    <property name="java.vendor.version" value="GraalVM CE 21.0.0.2"/>
    <property name="io.netty.noJdkZlibDecoder" value="false"/>
    <property name="localRepository" value="/home/gustavo/.m2/repository"/>
    <property name="java.vendor.url.bug" value="https://github.com/oracle/graal/issues"/>
    <property name="java.io.tmpdir" value="/tmp"/>
    <property name="quarkus.log.file.path" value="target/quarkus.log"/>
    <property name="idea.version" value="2021.1"/>
    <property name="java.version" value="11.0.10"/>
    <property name="user.dir" value="/home/gustavo/dev-tools/projects/quarkus"/>
    <property name="os.arch" value="amd64"/>
    <property name="hibernate.bytecode.provider" value="none"/>
    <property name="java.vm.specification.name" value="Java Virtual Machine Specification"/>
    <property name="vertx.disableDnsResolver" value="true"/>
    <property name="java.awt.printerjob" value="sun.print.PSPrinterJob"/>
    <property name="user.language.format" value="pt"/>
    <property name="sun.os.patch.level" value="unknown"/>
    <property name="java.util.logging.manager" value="org.jboss.logmanager.LogManager"/>
    <property name="java.library.path" value="/usr/java/packages/lib:/usr/lib64:/lib64:/lib:/usr/lib"/>
    <property name="java.vm.info" value="mixed mode, sharing"/>
    <property name="java.vendor" value="GraalVM Community"/>
    <property name="java.vm.version" value="11.0.10+8-jvmci-21.0-b06"/>
    <property name="sun.io.unicode.encoding" value="UnicodeLittle"/>
    <property name="io.netty.machineId" value="84:39:15:44:61:fc:84:cf"/>
    <property name="java.class.version" value="55.0"/>
  </properties>
  <testcase name="testarSeListAllRetornaOrdensCorretas" classname="br.com.alura.repository.OrdemRepositoryTest" time="0.394">
    <system-out><![CDATA[2021-04-08 00:08:50,826 INFO  [io.quarkus] (main) Quarkus 1.7.3.Final on JVM started in 2.866s. Listening on: http://0.0.0.0:8081
2021-04-08 00:08:50,837 INFO  [io.quarkus] (main) Profile test activated. 
2021-04-08 00:08:50,837 INFO  [io.quarkus] (main) Installed features: [agroal, cdi, hibernate-orm, hibernate-orm-panache, jdbc-mysql, mutiny, narayana-jta, rest-client, resteasy, resteasy-jsonb, security, security-jpa, smallrye-context-propagation]
]]></system-out>
  </testcase>
</testsuite>